#
# There is insufficient memory for the Java Runtime Environment to continue.
# Native memory allocation (malloc) failed to allocate 280848 bytes for Chunk::new
# Possible reasons:
#   The system is out of physical RAM or swap space
#   In 32 bit mode, the process size limit was hit
# Possible solutions:
#   Reduce memory load on the system
#   Increase physical memory or swap space
#   Check if swap backing store is full
#   Use 64 bit Java on a 64 bit OS
#   Decrease Java heap size (-Xmx/-Xms)
#   Decrease number of Java threads
#   Decrease Java thread stack sizes (-Xss)
#   Set larger code cache with -XX:ReservedCodeCacheSize=
# This output file may be truncated or incomplete.
#
#  Out of Memory Error (allocation.cpp:390), pid=3004, tid=0x0000000000001574
#
# JRE version: OpenJDK Runtime Environment (8.0_152-b01) (build 1.8.0_152-release-1248-b01)
# Java VM: OpenJDK 64-Bit Server VM (25.152-b01 mixed mode windows-amd64 compressed oops)
# Failed to write core dump. Minidumps are not enabled by default on client versions of Windows
#

---------------  T H R E A D  ---------------

Current thread (0x0000000017817800):  JavaThread "C2 CompilerThread0" daemon [_thread_in_native, id=5492, stack(0x0000000019050000,0x0000000019150000)]

Stack: [0x0000000019050000,0x0000000019150000]
[error occurred during error reporting (printing stack bounds), id 0xc0000005]

Native frames: (J=compiled Java code, j=interpreted, Vv=VM code, C=native code)


Current CompileTask:
C2: 166918 9507       4       com.sun.tools.javac.file.ZipFileIndex$ZipDirectory::readEntry (587 bytes)


---------------  P R O C E S S  ---------------

Java Threads: ( => current thread )
  0x000000001cef5800 JavaThread "Cache worker for Java compile cache (C:\Users\Bianca\AndroidStudioProjects\winterForest\.gradle\4.10.1\javaCompile)" [_thread_blocked, id=7312, stack(0x000000001bc60000,0x000000001bd60000)]
  0x000000001cef2800 JavaThread "Cache worker for Java compile cache (C:\Users\Bianca\.gradle\caches\4.10.1\javaCompile)" [_thread_blocked, id=5808, stack(0x000000001bf90000,0x000000001c090000)]
  0x000000001cef4800 JavaThread "stdout" daemon [_thread_in_native, id=3176, stack(0x00000000271c0000,0x00000000272c0000)]
  0x000000001cef4000 JavaThread "stderr" daemon [_thread_in_native, id=5664, stack(0x0000000026f80000,0x0000000027080000)]
  0x000000001cef3000 JavaThread "pool-3-thread-1" [_thread_blocked, id=1780, stack(0x0000000026ca0000,0x0000000026da0000)]
  0x000000001e3a3000 JavaThread "Cache worker for Build Output Cleanup Cache (C:\Users\Bianca\AndroidStudioProjects\winterForest\.gradle\buildOutputCleanup)" [_thread_blocked, id=7076, stack(0x0000000026b60000,0x0000000026c60000)]
  0x000000001e3a2000 JavaThread "Cache worker for task history cache (C:\Users\Bianca\AndroidStudioProjects\winterForest\.gradle\4.10.1\taskHistory)" [_thread_blocked, id=4260, stack(0x00000000269b0000,0x0000000026ab0000)]
  0x000000001e39f000 JavaThread "Task worker for ':' Thread 7" [_thread_in_native, id=6400, stack(0x0000000026770000,0x0000000026870000)]
  0x000000001e39d800 JavaThread "Task worker for ':' Thread 6" [_thread_blocked, id=4960, stack(0x0000000026620000,0x0000000026720000)]
  0x000000001e3a1800 JavaThread "Task worker for ':' Thread 5" [_thread_blocked, id=4240, stack(0x0000000026400000,0x0000000026500000)]
  0x000000001e39e800 JavaThread "Task worker for ':' Thread 4" [_thread_blocked, id=1660, stack(0x0000000025df0000,0x0000000025ef0000)]
  0x000000001e3a0800 JavaThread "Task worker for ':' Thread 3" [_thread_blocked, id=5660, stack(0x0000000026230000,0x0000000026330000)]
  0x000000001e3a0000 JavaThread "Task worker for ':' Thread 2" [_thread_blocked, id=4828, stack(0x0000000026010000,0x0000000026110000)]
  0x00000000178bf000 JavaThread "Task worker for ':'" [_thread_blocked, id=5692, stack(0x0000000026130000,0x0000000026230000)]
  0x00000000178be000 JavaThread "Cache worker for file content cache (C:\Users\Bianca\AndroidStudioProjects\winterForest\.gradle\4.10.1\fileContent)" [_thread_blocked, id=4872, stack(0x0000000025f00000,0x0000000026000000)]
  0x00000000178bd800 JavaThread "Cache worker for file content cache (C:\Users\Bianca\.gradle\caches\4.10.1\fileContent)" [_thread_blocked, id=5872, stack(0x0000000025c80000,0x0000000025d80000)]
  0x00000000178b9000 JavaThread "Build operations Thread 8" [_thread_blocked, id=2180, stack(0x00000000258f0000,0x00000000259f0000)]
  0x00000000178b8000 JavaThread "Build operations Thread 7" [_thread_blocked, id=6180, stack(0x0000000025700000,0x0000000025800000)]
  0x00000000178ba800 JavaThread "Build operations Thread 6" [_thread_blocked, id=2100, stack(0x00000000255d0000,0x00000000256d0000)]
  0x00000000178b9800 JavaThread "Build operations Thread 5" [_thread_blocked, id=4292, stack(0x0000000025420000,0x0000000025520000)]
  0x00000000178bb000 JavaThread "Build operations Thread 4" [_thread_blocked, id=3768, stack(0x000000001b620000,0x000000001b720000)]
  0x00000000178bc800 JavaThread "Build operations Thread 3" [_thread_blocked, id=6752, stack(0x0000000024220000,0x0000000024320000)]
  0x000000001a1cd800 JavaThread "Build operations Thread 2" [_thread_blocked, id=4536, stack(0x0000000023480000,0x0000000023580000)]
  0x000000001a1cf800 JavaThread "Build operations" [_thread_blocked, id=4864, stack(0x000000001d5d0000,0x000000001d6d0000)]
  0x000000001a1cb000 JavaThread "Cache worker for cache directory md-rule (C:\Users\Bianca\.gradle\caches\4.10.1\md-rule)" [_thread_blocked, id=5252, stack(0x00000000232b0000,0x00000000233b0000)]
  0x000000001a1ce000 JavaThread "Cache worker for cache directory md-supplier (C:\Users\Bianca\.gradle\caches\4.10.1\md-supplier)" [_thread_blocked, id=6332, stack(0x00000000230b0000,0x00000000231b0000)]
  0x000000001a1d0800 JavaThread "Cache worker for file hash cache (C:\Users\Bianca\AndroidStudioProjects\winterForest\.gradle\4.10.1\fileHashes)" [_thread_blocked, id=4492, stack(0x0000000021530000,0x0000000021630000)]
  0x000000001a1cc800 JavaThread "Asynchronous log dispatcher for DefaultDaemonConnection: socket connection from /127.0.0.1:8339 to /127.0.0.1:8374" [_thread_blocked, id=3536, stack(0x0000000022f00000,0x0000000023000000)]
  0x000000001a1cb800 JavaThread "Cancel handler" [_thread_blocked, id=2028, stack(0x000000001b9e0000,0x000000001bae0000)]
  0x000000001a1cf000 JavaThread "Handler for socket connection from /127.0.0.1:8339 to /127.0.0.1:8374" [_thread_in_native, id=5932, stack(0x000000001e700000,0x000000001e800000)]
  0x000000001a1c8800 JavaThread "pool-1-thread-1" [_thread_blocked, id=6784, stack(0x0000000020fe0000,0x00000000210e0000)]
  0x000000001a1d2800 JavaThread "Memory manager" [_thread_blocked, id=3804, stack(0x0000000023870000,0x0000000023970000)]
  0x000000001a1c9800 JavaThread "Cache worker for Artifact transforms cache (C:\Users\Bianca\.gradle\caches\transforms-1)" [_thread_blocked, id=6020, stack(0x0000000021120000,0x0000000021220000)]
  0x000000001a1c4000 JavaThread "Cache worker for journal cache (C:\Users\Bianca\.gradle\caches\journal-1)" [_thread_blocked, id=5144, stack(0x000000001e820000,0x000000001e920000)]
  0x000000001c56d000 JavaThread "File lock request listener" [_thread_in_native, id=1316, stack(0x000000001d4b0000,0x000000001d5b0000)]
  0x000000001b088800 JavaThread "Cache worker for file hash cache (C:\Users\Bianca\.gradle\caches\4.10.1\fileHashes)" [_thread_blocked, id=992, stack(0x000000001c0a0000,0x000000001c1a0000)]
  0x000000001ae2e000 JavaThread "Daemon worker" [_thread_blocked, id=6724, stack(0x000000001bb00000,0x000000001bc00000)]
  0x000000001ae1c000 JavaThread "Daemon" [_thread_blocked, id=1816, stack(0x000000001b8c0000,0x000000001b9c0000)]
  0x000000001ae30000 JavaThread "Daemon periodic checks" [_thread_blocked, id=5696, stack(0x000000001b730000,0x000000001b830000)]
  0x000000001ac6d800 JavaThread "Incoming local TCP Connector on port 8339" [_thread_in_native, id=2784, stack(0x000000001b1d0000,0x000000001b2d0000)]
  0x00000000178af000 JavaThread "Service Thread" daemon [_thread_blocked, id=5272, stack(0x00000000196d0000,0x00000000197d0000)]
  0x000000001782d000 JavaThread "C1 CompilerThread3" daemon [_thread_blocked, id=6612, stack(0x0000000019540000,0x0000000019640000)]
  0x000000001676f000 JavaThread "C2 CompilerThread2" daemon [_thread_blocked, id=6208, stack(0x0000000019360000,0x0000000019460000)]
  0x000000001676c000 JavaThread "C2 CompilerThread1" daemon [_thread_blocked, id=4992, stack(0x00000000191c0000,0x00000000192c0000)]
=>0x0000000017817800 JavaThread "C2 CompilerThread0" daemon [_thread_in_native, id=5492, stack(0x0000000019050000,0x0000000019150000)]
  0x0000000017816000 JavaThread "Attach Listener" daemon [_thread_blocked, id=1980, stack(0x0000000018d90000,0x0000000018e90000)]
  0x0000000017815000 JavaThread "Signal Dispatcher" daemon [_thread_blocked, id=5512, stack(0x0000000018c40000,0x0000000018d40000)]
  0x000000001675f800 JavaThread "Finalizer" daemon [_thread_blocked, id=3700, stack(0x0000000018a90000,0x0000000018b90000)]
  0x0000000016758800 JavaThread "Reference Handler" daemon [_thread_blocked, id=3856, stack(0x0000000018850000,0x0000000018950000)]
  0x000000000247f000 JavaThread "main" [_thread_blocked, id=3048, stack(0x0000000002480000,0x0000000002580000)]

Other Threads:
  0x000000001674f800 VMThread [stack: 0x0000000018710000,0x0000000018810000] [id=6420]
  0x000000001788d000 WatcherThread [stack: 0x00000000198f0000,0x00000000199f0000] [id=1528]

VM state:not at safepoint (normal execution)

VM Mutex/Monitor currently owned by a thread: None

Heap:
 PSYoungGen      total 210944K, used 170033K [0x00000000e0000000, 0x00000000f1e00000, 0x0000000100000000)
  eden space 195072K, 81% used [0x00000000e0000000,0x00000000e9b111b0,0x00000000ebe80000)
  from space 15872K, 70% used [0x00000000ebe80000,0x00000000ec97b358,0x00000000ece00000)
  to   space 16384K, 0% used [0x00000000f0e00000,0x00000000f0e00000,0x00000000f1e00000)
 ParOldGen       total 108544K, used 29696K [0x00000000a0000000, 0x00000000a6a00000, 0x00000000e0000000)
  object space 108544K, 27% used [0x00000000a0000000,0x00000000a1d000d0,0x00000000a6a00000)
 Metaspace       used 71213K, capacity 73466K, committed 73600K, reserved 1112064K
  class space    used 9430K, capacity 10024K, committed 10112K, reserved 1048576K

Card table byte_map: [0x0000000011a10000,0x0000000011d20000] byte_map_base: 0x0000000011510000

Marking Bits: (ParMarkBitMap*) 0x0000000054605aa0
 Begin Bits: [0x0000000012a70000, 0x0000000014270000)
 End Bits:   [0x0000000014270000, 0x0000000015a70000)

Polling page: 0x0000000000230000

CodeCache: size=245760Kb used=26922Kb max_used=26940Kb free=218837Kb
 bounds [0x0000000002650000, 0x00000000040d0000, 0x0000000011650000]
 total_blobs=9198 nmethods=8373 adapters=736
 compilation: enabled

Compilation events (10 events):
Event: 166.775 Thread 0x000000001676f000 nmethod 9505 0x0000000003011e50 code [0x0000000003011f80, 0x0000000003011ff8]
Event: 166.775 Thread 0x000000001676f000 9485       4       com.sun.tools.javac.file.RelativePath::hashCode (8 bytes)
Event: 166.776 Thread 0x0000000017817800 nmethod 9377 0x00000000040be150 code [0x00000000040beea0, 0x00000000040c40d8]
Event: 166.776 Thread 0x0000000017817800 9495       4       com.sun.tools.javac.file.ZipFileIndex$Entry::compareTo (9 bytes)
Event: 166.777 Thread 0x000000001676f000 nmethod 9485 0x00000000040ad290 code [0x00000000040ad3c0, 0x00000000040ad538]
Event: 166.777 Thread 0x000000001676f000 9496       4       com.sun.tools.javac.file.ZipFileIndex$Entry::compareTo (40 bytes)
Event: 166.777 Thread 0x0000000017817800 nmethod 9495 0x00000000040ae7d0 code [0x00000000040ae920, 0x00000000040aec78]
Event: 166.778 Thread 0x000000001676f000 nmethod 9496 0x00000000040ae150 code [0x00000000040ae2a0, 0x00000000040ae5d8]
Event: 166.779 Thread 0x000000001676c000 nmethod 9504% 0x00000000040aa650 code [0x00000000040aa7c0, 0x00000000040aaf18]
Event: 166.794 Thread 0x0000000017817800 9507       4       com.sun.tools.javac.file.ZipFileIndex$ZipDirectory::readEntry (587 bytes)

GC Heap History (10 events):
Event: 4.728 GC heap before
{Heap before GC invocations=12 (full 2):
 PSYoungGen      total 109056K, used 97280K [0x00000000e0000000, 0x00000000ea080000, 0x0000000100000000)
  eden space 97280K, 100% used [0x00000000e0000000,0x00000000e5f00000,0x00000000e5f00000)
  from space 11776K, 0% used [0x00000000e5f00000,0x00000000e5f00000,0x00000000e6a80000)
  to   space 11776K, 0% used [0x00000000e9500000,0x00000000e9500000,0x00000000ea080000)
 ParOldGen       total 78848K, used 16085K [0x00000000a0000000, 0x00000000a4d00000, 0x00000000e0000000)
  object space 78848K, 20% used [0x00000000a0000000,0x00000000a0fb5790,0x00000000a4d00000)
 Metaspace       used 43161K, capacity 44068K, committed 44416K, reserved 1087488K
  class space    used 5874K, capacity 6169K, committed 6272K, reserved 1048576K
Event: 4.739 GC heap after
Heap after GC invocations=12 (full 2):
 PSYoungGen      total 144896K, used 11753K [0x00000000e0000000, 0x00000000ea080000, 0x0000000100000000)
  eden space 133120K, 0% used [0x00000000e0000000,0x00000000e0000000,0x00000000e8200000)
  from space 11776K, 99% used [0x00000000e9500000,0x00000000ea07a4c0,0x00000000ea080000)
  to   space 14336K, 0% used [0x00000000e8480000,0x00000000e8480000,0x00000000e9280000)
 ParOldGen       total 78848K, used 18747K [0x00000000a0000000, 0x00000000a4d00000, 0x00000000e0000000)
  object space 78848K, 23% used [0x00000000a0000000,0x00000000a124ec48,0x00000000a4d00000)
 Metaspace       used 43161K, capacity 44068K, committed 44416K, reserved 1087488K
  class space    used 5874K, capacity 6169K, committed 6272K, reserved 1048576K
}
Event: 5.953 GC heap before
{Heap before GC invocations=13 (full 2):
 PSYoungGen      total 144896K, used 144873K [0x00000000e0000000, 0x00000000ea080000, 0x0000000100000000)
  eden space 133120K, 100% used [0x00000000e0000000,0x00000000e8200000,0x00000000e8200000)
  from space 11776K, 99% used [0x00000000e9500000,0x00000000ea07a4c0,0x00000000ea080000)
  to   space 14336K, 0% used [0x00000000e8480000,0x00000000e8480000,0x00000000e9280000)
 ParOldGen       total 78848K, used 18747K [0x00000000a0000000, 0x00000000a4d00000, 0x00000000e0000000)
  object space 78848K, 23% used [0x00000000a0000000,0x00000000a124ec48,0x00000000a4d00000)
 Metaspace       used 55312K, capacity 56614K, committed 56832K, reserved 1097728K
  class space    used 7562K, capacity 7933K, committed 7936K, reserved 1048576K
Event: 6.299 GC heap after
Heap after GC invocations=13 (full 2):
 PSYoungGen      total 150016K, used 13866K [0x00000000e0000000, 0x00000000edd80000, 0x0000000100000000)
  eden space 135680K, 0% used [0x00000000e0000000,0x00000000e0000000,0x00000000e8480000)
  from space 14336K, 96% used [0x00000000e8480000,0x00000000e920aa68,0x00000000e9280000)
  to   space 15872K, 0% used [0x00000000ece00000,0x00000000ece00000,0x00000000edd80000)
 ParOldGen       total 78848K, used 26683K [0x00000000a0000000, 0x00000000a4d00000, 0x00000000e0000000)
  object space 78848K, 33% used [0x00000000a0000000,0x00000000a1a0ee30,0x00000000a4d00000)
 Metaspace       used 55312K, capacity 56614K, committed 56832K, reserved 1097728K
  class space    used 7562K, capacity 7933K, committed 7936K, reserved 1048576K
}
Event: 6.719 GC heap before
{Heap before GC invocations=14 (full 2):
 PSYoungGen      total 150016K, used 52767K [0x00000000e0000000, 0x00000000edd80000, 0x0000000100000000)
  eden space 135680K, 28% used [0x00000000e0000000,0x00000000e25fd3e0,0x00000000e8480000)
  from space 14336K, 96% used [0x00000000e8480000,0x00000000e920aa68,0x00000000e9280000)
  to   space 15872K, 0% used [0x00000000ece00000,0x00000000ece00000,0x00000000edd80000)
 ParOldGen       total 78848K, used 26683K [0x00000000a0000000, 0x00000000a4d00000, 0x00000000e0000000)
  object space 78848K, 33% used [0x00000000a0000000,0x00000000a1a0ee30,0x00000000a4d00000)
 Metaspace       used 57520K, capacity 59052K, committed 59136K, reserved 1099776K
  class space    used 7939K, capacity 8369K, committed 8448K, reserved 1048576K
Event: 6.729 GC heap after
Heap after GC invocations=14 (full 2):
 PSYoungGen      total 210944K, used 2933K [0x00000000e0000000, 0x00000000ede00000, 0x0000000100000000)
  eden space 195072K, 0% used [0x00000000e0000000,0x00000000e0000000,0x00000000ebe80000)
  from space 15872K, 18% used [0x00000000ece00000,0x00000000ed0dd768,0x00000000edd80000)
  to   space 15872K, 0% used [0x00000000ebe80000,0x00000000ebe80000,0x00000000ece00000)
 ParOldGen       total 78848K, used 31715K [0x00000000a0000000, 0x00000000a4d00000, 0x00000000e0000000)
  object space 78848K, 40% used [0x00000000a0000000,0x00000000a1ef8d60,0x00000000a4d00000)
 Metaspace       used 57520K, capacity 59052K, committed 59136K, reserved 1099776K
  class space    used 7939K, capacity 8369K, committed 8448K, reserved 1048576K
}
Event: 6.729 GC heap before
{Heap before GC invocations=15 (full 3):
 PSYoungGen      total 210944K, used 2933K [0x00000000e0000000, 0x00000000ede00000, 0x0000000100000000)
  eden space 195072K, 0% used [0x00000000e0000000,0x00000000e0000000,0x00000000ebe80000)
  from space 15872K, 18% used [0x00000000ece00000,0x00000000ed0dd768,0x00000000edd80000)
  to   space 15872K, 0% used [0x00000000ebe80000,0x00000000ebe80000,0x00000000ece00000)
 ParOldGen       total 78848K, used 31715K [0x00000000a0000000, 0x00000000a4d00000, 0x00000000e0000000)
  object space 78848K, 40% used [0x00000000a0000000,0x00000000a1ef8d60,0x00000000a4d00000)
 Metaspace       used 57520K, capacity 59052K, committed 59136K, reserved 1099776K
  class space    used 7939K, capacity 8369K, committed 8448K, reserved 1048576K
Event: 6.969 GC heap after
Heap after GC invocations=15 (full 3):
 PSYoungGen      total 210944K, used 0K [0x00000000e0000000, 0x00000000ede00000, 0x0000000100000000)
  eden space 195072K, 0% used [0x00000000e0000000,0x00000000e0000000,0x00000000ebe80000)
  from space 15872K, 0% used [0x00000000ece00000,0x00000000ece00000,0x00000000edd80000)
  to   space 15872K, 0% used [0x00000000ebe80000,0x00000000ebe80000,0x00000000ece00000)
 ParOldGen       total 108544K, used 29688K [0x00000000a0000000, 0x00000000a6a00000, 0x00000000e0000000)
  object space 108544K, 27% used [0x00000000a0000000,0x00000000a1cfe0d0,0x00000000a6a00000)
 Metaspace       used 57520K, capacity 59052K, committed 59136K, reserved 1099776K
  class space    used 7939K, capacity 8369K, committed 8448K, reserved 1048576K
}
Event: 58.164 GC heap before
{Heap before GC invocations=16 (full 3):
 PSYoungGen      total 210944K, used 195072K [0x00000000e0000000, 0x00000000ede00000, 0x0000000100000000)
  eden space 195072K, 100% used [0x00000000e0000000,0x00000000ebe80000,0x00000000ebe80000)
  from space 15872K, 0% used [0x00000000ece00000,0x00000000ece00000,0x00000000edd80000)
  to   space 15872K, 0% used [0x00000000ebe80000,0x00000000ebe80000,0x00000000ece00000)
 ParOldGen       total 108544K, used 29688K [0x00000000a0000000, 0x00000000a6a00000, 0x00000000e0000000)
  object space 108544K, 27% used [0x00000000a0000000,0x00000000a1cfe0d0,0x00000000a6a00000)
 Metaspace       used 64609K, capacity 66694K, committed 66816K, reserved 1107968K
  class space    used 8642K, capacity 9186K, committed 9216K, reserved 1048576K
Event: 58.201 GC heap after
Heap after GC invocations=16 (full 3):
 PSYoungGen      total 210944K, used 11244K [0x00000000e0000000, 0x00000000f1e00000, 0x0000000100000000)
  eden space 195072K, 0% used [0x00000000e0000000,0x00000000e0000000,0x00000000ebe80000)
  from space 15872K, 70% used [0x00000000ebe80000,0x00000000ec97b358,0x00000000ece00000)
  to   space 16384K, 0% used [0x00000000f0e00000,0x00000000f0e00000,0x00000000f1e00000)
 ParOldGen       total 108544K, used 29696K [0x00000000a0000000, 0x00000000a6a00000, 0x00000000e0000000)
  object space 108544K, 27% used [0x00000000a0000000,0x00000000a1d000d0,0x00000000a6a00000)
 Metaspace       used 64609K, capacity 66694K, committed 66816K, reserved 1107968K
  class space    used 8642K, capacity 9186K, committed 9216K, reserved 1048576K
}

Deoptimization events (10 events):
Event: 166.264 Thread 0x000000001e39f000 Uncommon trap: reason=unstable_if action=reinterpret pc=0x0000000003f185d4 method=java.util.EnumMap.isValidKey(Ljava/lang/Object;)Z @ 16
Event: 166.350 Thread 0x000000001e39f000 Uncommon trap: reason=unstable_if action=reinterpret pc=0x000000000327a15c method=java.lang.StringCoding$StringDecoder.decode([BII)[C @ 20
Event: 166.525 Thread 0x000000001e39f000 Uncommon trap: reason=unstable_if action=reinterpret pc=0x0000000003ecb4ec method=java.lang.CharacterDataLatin1.digit(II)I @ 60
Event: 166.526 Thread 0x000000001e39f000 Uncommon trap: reason=unstable_if action=reinterpret pc=0x0000000003ee55e4 method=java.lang.CharacterDataLatin1.digit(II)I @ 60
Event: 166.627 Thread 0x000000001e39f000 Uncommon trap: reason=unstable_if action=reinterpret pc=0x0000000004029bc0 method=com.sun.tools.javac.util.Name$Table.equals([BI[BII)Z @ 22
Event: 166.688 Thread 0x000000001e39f000 Uncommon trap: reason=unstable_if action=reinterpret pc=0x0000000003fe8048 method=com.sun.tools.javac.parser.UnicodeReader.scanChar()V @ 37
Event: 166.688 Thread 0x000000001e39f000 Uncommon trap: reason=unstable_if action=reinterpret pc=0x0000000004072614 method=com.sun.tools.javac.parser.UnicodeReader.scanChar()V @ 37
Event: 166.695 Thread 0x000000001e39f000 Uncommon trap: reason=unstable_if action=reinterpret pc=0x0000000004056fe0 method=com.sun.tools.javac.util.Name$Table.equals([BI[BII)Z @ 22
Event: 166.704 Thread 0x000000001e39f000 Uncommon trap: reason=unstable_if action=reinterpret pc=0x0000000004045a38 method=com.sun.tools.javac.util.Name$Table.equals([BI[BII)Z @ 22
Event: 166.712 Thread 0x000000001e39f000 Uncommon trap: reason=unstable_if action=reinterpret pc=0x0000000003f8f318 method=java.io.File.equals(Ljava/lang/Object;)Z @ 1

Classes redefined (0 events):
No events

Internal exceptions (10 events):
Event: 67.469 Thread 0x00000000178b8000 Exception <a 'sun/nio/fs/WindowsException'> (0x00000000e17d7cc0) thrown at [D:\src\AOSP-openjdk-cygwin\jdk8u\hotspot\src\share\vm\prims\jni.cpp, line 709]
Event: 67.496 Thread 0x000000001a1cf800 Exception <a 'sun/nio/fs/WindowsException'> (0x00000000e580fc78) thrown at [D:\src\AOSP-openjdk-cygwin\jdk8u\hotspot\src\share\vm\prims\jni.cpp, line 709]
Event: 67.496 Thread 0x00000000178bc800 Exception <a 'sun/nio/fs/WindowsException'> (0x00000000e5708958) thrown at [D:\src\AOSP-openjdk-cygwin\jdk8u\hotspot\src\share\vm\prims\jni.cpp, line 709]
Event: 67.497 Thread 0x000000001e39f000 Exception <a 'sun/nio/fs/WindowsException'> (0x00000000e55e86d0) thrown at [D:\src\AOSP-openjdk-cygwin\jdk8u\hotspot\src\share\vm\prims\jni.cpp, line 709]
Event: 67.497 Thread 0x00000000178bb000 Exception <a 'sun/nio/fs/WindowsException'> (0x00000000e5561660) thrown at [D:\src\AOSP-openjdk-cygwin\jdk8u\hotspot\src\share\vm\prims\jni.cpp, line 709]
Event: 67.497 Thread 0x00000000178b9000 Exception <a 'sun/nio/fs/WindowsException'> (0x00000000e5876360) thrown at [D:\src\AOSP-openjdk-cygwin\jdk8u\hotspot\src\share\vm\prims\jni.cpp, line 709]
Event: 67.497 Thread 0x000000001a1cd800 Exception <a 'sun/nio/fs/WindowsException'> (0x00000000e57c7500) thrown at [D:\src\AOSP-openjdk-cygwin\jdk8u\hotspot\src\share\vm\prims\jni.cpp, line 709]
Event: 67.502 Thread 0x00000000178bb000 Exception <a 'sun/nio/fs/WindowsException'> (0x00000000e5584ae0) thrown at [D:\src\AOSP-openjdk-cygwin\jdk8u\hotspot\src\share\vm\prims\jni.cpp, line 709]
Event: 160.929 Thread 0x000000001e39f000 Exception <a 'java/lang/NoSuchMethodError': java.lang.Object.lambda$comparingInt$7b0bb60$1(Ljava/util/function/ToIntFunction;Ljava/lang/Object;Ljava/lang/Object;)I> (0x00000000e5dc6250) thrown at [D:\src\AOSP-openjdk-cygwin\jdk8u\hotspot\src\share\vm\inte
Event: 166.712 Thread 0x000000001e39f000 Implicit null exception at 0x0000000003f8ecef to 0x0000000003f8f305

Events (10 events):
Event: 166.716 loading class com/sun/tools/javac/file/ZipFileIndex$Entry
Event: 166.716 loading class com/sun/tools/javac/file/ZipFileIndex$Entry done
Event: 166.793 Thread 0x000000001e39f000 DEOPT PACKING pc=0x000000000408f8bf sp=0x000000002686bab0
Event: 166.794 Thread 0x000000001e39f000 DEOPT UNPACKING pc=0x00000000026975d0 sp=0x000000002686b8d8 mode 0
Event: 166.794 Thread 0x000000001e39f000 DEOPT PACKING pc=0x000000000408f8bf sp=0x000000002686bab0
Event: 166.794 Thread 0x000000001e39f000 DEOPT UNPACKING pc=0x00000000026975d0 sp=0x000000002686b8d8 mode 0
Event: 166.794 Thread 0x000000001e39f000 DEOPT PACKING pc=0x000000000408f8bf sp=0x000000002686bab0
Event: 166.794 Thread 0x000000001e39f000 DEOPT UNPACKING pc=0x00000000026975d0 sp=0x000000002686b8d8 mode 0
Event: 166.821 Thread 0x000000001e39f000 DEOPT PACKING pc=0x000000000408f8bf sp=0x000000002686bab0
Event: 166.821 Thread 0x000000001e39f000 DEOPT UNPACKING pc=0x00000000026975d0 sp=0x000000002686b8d8 mode 0


Dynamic libraries:
0x000000013f540000 - 0x000000013f571000 	C:\Program Files\Android\Android Studio\jre\bin\java.exe
0x0000000077500000 - 0x000000007769f000 	C:\Windows\SYSTEM32\ntdll.dll
0x00000000773e0000 - 0x00000000774ff000 	C:\Windows\system32\kernel32.dll
0x000007fefd110000 - 0x000007fefd17a000 	C:\Windows\system32\KERNELBASE.dll
0x000007feff510000 - 0x000007feff5eb000 	C:\Windows\system32\ADVAPI32.dll
0x000007fefec70000 - 0x000007fefed0f000 	C:\Windows\system32\msvcrt.dll
0x000007fefef10000 - 0x000007fefef2f000 	C:\Windows\SYSTEM32\sechost.dll
0x000007fefe870000 - 0x000007fefe99d000 	C:\Windows\system32\RPCRT4.dll
0x00000000772e0000 - 0x00000000773da000 	C:\Windows\system32\USER32.dll
0x000007feff0b0000 - 0x000007feff117000 	C:\Windows\system32\GDI32.dll
0x000007fefe650000 - 0x000007fefe65e000 	C:\Windows\system32\LPK.dll
0x000007fefefd0000 - 0x000007feff09b000 	C:\Windows\system32\USP10.dll
0x000007fefb3d0000 - 0x000007fefb5c4000 	C:\Windows\WinSxS\amd64_microsoft.windows.common-controls_6595b64144ccf1df_6.0.7601.18837_none_fa3b1e3d17594757\COMCTL32.dll
0x000007fefe770000 - 0x000007fefe7e1000 	C:\Windows\system32\SHLWAPI.dll
0x000007fefe740000 - 0x000007fefe76e000 	C:\Windows\system32\IMM32.DLL
0x000007feff3b0000 - 0x000007feff4b9000 	C:\Windows\system32\MSCTF.dll
0x000007fefcf90000 - 0x000007fefcfc0000 	C:\Windows\system32\nvinitx.dll
0x000007fefcf80000 - 0x000007fefcf8c000 	C:\Windows\system32\VERSION.dll
0x0000000074b20000 - 0x0000000074b26000 	C:\Program Files\NVIDIA Corporation\CoProcManager\detoured.dll
0x000007fefa3b0000 - 0x000007fefa3e8000 	C:\Program Files\NVIDIA Corporation\CoProcManager\nvd3d9wrapx.dll
0x000007feff5f0000 - 0x000007feff7c7000 	C:\Windows\system32\SETUPAPI.dll
0x000007fefd0d0000 - 0x000007fefd106000 	C:\Windows\system32\CFGMGR32.dll
0x000007fefe660000 - 0x000007fefe73a000 	C:\Windows\system32\OLEAUT32.dll
0x000007fefed10000 - 0x000007fefef0f000 	C:\Windows\system32\ole32.dll
0x000007fefd0b0000 - 0x000007fefd0ca000 	C:\Windows\system32\DEVOBJ.dll
0x000007fefa380000 - 0x000007fefa3a4000 	C:\Program Files\NVIDIA Corporation\CoProcManager\nvdxgiwrapx.dll
0x00000000533b0000 - 0x0000000053482000 	C:\Program Files\Android\Android Studio\jre\jre\bin\msvcr100.dll
0x0000000053e40000 - 0x0000000054681000 	C:\Program Files\Android\Android Studio\jre\jre\bin\server\jvm.dll
0x000007fef4720000 - 0x000007fef4729000 	C:\Windows\system32\WSOCK32.dll
0x000007feff4c0000 - 0x000007feff50d000 	C:\Windows\system32\WS2_32.dll
0x000007feff0a0000 - 0x000007feff0a8000 	C:\Windows\system32\NSI.dll
0x000007fef92e0000 - 0x000007fef931b000 	C:\Windows\system32\WINMM.dll
0x00000000776a0000 - 0x00000000776a7000 	C:\Windows\system32\PSAPI.DLL
0x000007fee7060000 - 0x000007fee706f000 	C:\Program Files\Android\Android Studio\jre\jre\bin\verify.dll
0x000007fee7030000 - 0x000007fee7059000 	C:\Program Files\Android\Android Studio\jre\jre\bin\java.dll
0x000007fee7010000 - 0x000007fee7026000 	C:\Program Files\Android\Android Studio\jre\jre\bin\zip.dll
0x000007fefd8c0000 - 0x000007fefe64a000 	C:\Windows\system32\SHELL32.dll
0x000007fefd060000 - 0x000007fefd06f000 	C:\Windows\system32\profapi.dll
0x000007fee6730000 - 0x000007fee674a000 	C:\Program Files\Android\Android Studio\jre\jre\bin\net.dll
0x000007fefc750000 - 0x000007fefc7a5000 	C:\Windows\system32\mswsock.dll
0x000007fefc740000 - 0x000007fefc747000 	C:\Windows\System32\wship6.dll
0x000007fee6ef0000 - 0x000007fee6f01000 	C:\Program Files\Android\Android Studio\jre\jre\bin\nio.dll
0x000007fee20d0000 - 0x000007fee20ee000 	C:\Users\Bianca\.gradle\native\25\windows-amd64\native-platform.dll
0x000007fee7070000 - 0x000007fee707d000 	C:\Program Files\Android\Android Studio\jre\jre\bin\management.dll
0x000007fefc7b0000 - 0x000007fefc7c8000 	C:\Windows\system32\CRYPTSP.dll
0x000007fefc4b0000 - 0x000007fefc4f7000 	C:\Windows\system32\rsaenh.dll
0x0000000002430000 - 0x000000000244e000 	C:\Windows\system32\USERENV.dll
0x000007fefce70000 - 0x000007fefce7f000 	C:\Windows\system32\CRYPTBASE.dll
0x000007fefa320000 - 0x000007fefa347000 	C:\Windows\system32\IPHLPAPI.DLL
0x000007fefa310000 - 0x000007fefa31b000 	C:\Windows\system32\WINNSI.DLL
0x000007fef89d0000 - 0x000007fef89e1000 	C:\Windows\system32\dhcpcsvc6.DLL
0x000007fef9de0000 - 0x000007fef9df8000 	C:\Windows\system32\dhcpcsvc.DLL
0x000007fefce10000 - 0x000007fefce67000 	C:\Windows\system32\apphelp.dll

VM Arguments:
jvm_args: -Xmx1536m -Dfile.encoding=windows-1252 -Duser.country=US -Duser.language=en -Duser.variant 
java_command: org.gradle.launcher.daemon.bootstrap.GradleDaemon 4.10.1
java_class_path (initial): C:\Users\Bianca\.gradle\wrapper\dists\gradle-4.10.1-all\455itskqi2qtf0v2sja68alqd\gradle-4.10.1\lib\gradle-launcher-4.10.1.jar
Launcher Type: SUN_STANDARD

Environment Variables:
PATH=C:\Program Files (x86)\Common Files\Oracle\Java\javapath;c:\program files (x86)\windows resource kits\tools\;c:\program files\common files\microsoft shared\windows live;c:\program files (x86)\common files\microsoft shared\windows live;c:\programdata\oracle\java\javapath;c:\python27\;c:\python27\scripts;c:\windows\system32;c:\windows;c:\windows\system32\wbem;c:\windows\system32\windowspowershell\v1.0\;c:\mingw\bin;c:\mingw\msys\1.0\bin;c:\users\bianca\appdata\local\nasm;c:\program files\openvpn\bin;c:\program files (x86)\quicktime\qtsystem\;c:\program files (x86)\windows live\shared;c:\cmd;c:\program files (x86)\windows kits\8.1\windows performance toolkit\;c:\program files\microsoft sql server\120\tools\binn\;C:\Program Files (x86)\NVIDIA Corporation\PhysX\Common;C:\Program Files\PuTTY\;C:\Program Files (x86)\ZeroTier\One\;C:\Programs\Git\cmd;C:\Program Files (x86)\Nmap;
USERNAME=Bianca
OS=Windows_NT
PROCESSOR_IDENTIFIER=Intel64 Family 6 Model 60 Stepping 3, GenuineIntel



---------------  S Y S T E M  ---------------

OS: Windows 7 , 64 bit Build 7601 (6.1.7601.24335)

CPU:total 8 (initial active 8) (4 cores per cpu, 2 threads per core) family 6 model 60 stepping 3, cmov, cx8, fxsr, mmx, sse, sse2, sse3, ssse3, sse4.1, sse4.2, popcnt, avx, avx2, aes, clmul, erms, lzcnt, ht, tsc, tscinvbit, bmi1, bmi2

Memory: 4k page, physical 8314224k(1208152k free), swap 8312320k(5124k free)

vm_info: OpenJDK 64-Bit Server VM (25.152-b01) for windows-amd64 JRE (1.8.0_152-release-1248-b01), built by "builder" with MS VC++ 10.0 (VS2010)

time: Sun Jan 27 01:58:42 2019
elapsed time: 166 seconds (0d 0h 2m 46s)

