#
# There is insufficient memory for the Java Runtime Environment to continue.
# Native memory allocation (malloc) failed to allocate 32744 bytes for ChunkPool::allocate
# Possible reasons:
#   The system is out of physical RAM or swap space
#   In 32 bit mode, the process size limit was hit
# Possible solutions:
#   Reduce memory load on the system
#   Increase physical memory or swap space
#   Check if swap backing store is full
#   Use 64 bit Java on a 64 bit OS
#   Decrease Java heap size (-Xmx/-Xms)
#   Decrease number of Java threads
#   Decrease Java thread stack sizes (-Xss)
#   Set larger code cache with -XX:ReservedCodeCacheSize=
# This output file may be truncated or incomplete.
#
#  Out of Memory Error (allocation.cpp:273), pid=7664, tid=0x000000000000107c
#
# JRE version: OpenJDK Runtime Environment (8.0_152-b01) (build 1.8.0_152-release-1248-b01)
# Java VM: OpenJDK 64-Bit Server VM (25.152-b01 mixed mode windows-amd64 compressed oops)
# Failed to write core dump. Minidumps are not enabled by default on client versions of Windows
#

---------------  T H R E A D  ---------------

Current thread (0x0000000057978800):  JavaThread "C2 CompilerThread0" daemon [_thread_in_native, id=4220, stack(0x0000000058920000,0x0000000058a20000)]

Stack: [0x0000000058920000,0x0000000058a20000]
[error occurred during error reporting (printing stack bounds), id 0xc0000005]

Native frames: (J=compiled Java code, j=interpreted, Vv=VM code, C=native code)


Current CompileTask:
C2: 913541 17343 %     4       com.android.tools.r8.org.objectweb.asm.ClassReader::readCode @ 71 (5071 bytes)


---------------  P R O C E S S  ---------------

Java Threads: ( => current thread )
  0x0000000057993000 JavaThread "ForkJoinPool.commonPool-worker-7" daemon [_thread_blocked, id=6824, stack(0x0000000068250000,0x0000000068350000)]
  0x000000005798e800 JavaThread "ForkJoinPool.commonPool-worker-1" daemon [_thread_blocked, id=4800, stack(0x000000006b200000,0x000000006b300000)]
  0x0000000057992000 JavaThread "ForkJoinPool.commonPool-worker-5" daemon [_thread_blocked, id=5892, stack(0x0000000067c10000,0x0000000067d10000)]
  0x0000000057990800 JavaThread "ForkJoinPool.commonPool-worker-2" daemon [_thread_blocked, id=7072, stack(0x0000000067000000,0x0000000067100000)]
  0x000000005798b800 JavaThread "Cache worker for Java compile cache (C:\Users\Bianca\AndroidStudioProjects\winterForest\.gradle\4.10.1\javaCompile)" [_thread_blocked, id=3780, stack(0x0000000069050000,0x0000000069150000)]
  0x0000000057993800 JavaThread "Cache worker for Build Output Cleanup Cache (C:\Users\Bianca\AndroidStudioProjects\winterForest\.gradle\buildOutputCleanup)" [_thread_blocked, id=7580, stack(0x0000000067ef0000,0x0000000067ff0000)]
  0x000000005c459800 JavaThread "Cache worker for task history cache (C:\Users\Bianca\AndroidStudioProjects\winterForest\.gradle\4.10.1\taskHistory)" [_thread_in_native, id=3792, stack(0x0000000067d80000,0x0000000067e80000)]
  0x000000005c45b000 JavaThread "Task worker for ':' Thread 7" [_thread_blocked, id=7824, stack(0x0000000067b10000,0x0000000067c10000)]
  0x000000005c45a800 JavaThread "Task worker for ':' Thread 6" [_thread_blocked, id=6724, stack(0x0000000067410000,0x0000000067510000)]
  0x000000005c459000 JavaThread "Task worker for ':' Thread 5" [_thread_in_Java, id=5904, stack(0x0000000066d80000,0x0000000066e80000)]
  0x000000005c455000 JavaThread "Task worker for ':' Thread 4" [_thread_blocked, id=5768, stack(0x0000000066ee0000,0x0000000066fe0000)]
  0x000000005c454800 JavaThread "Task worker for ':' Thread 3" [_thread_blocked, id=3568, stack(0x0000000066c80000,0x0000000066d80000)]
  0x000000005c456800 JavaThread "Task worker for ':' Thread 2" [_thread_blocked, id=4772, stack(0x0000000066b10000,0x0000000066c10000)]
  0x000000005c66a000 JavaThread "Task worker for ':'" [_thread_blocked, id=7680, stack(0x0000000066930000,0x0000000066a30000)]
  0x000000005c66d000 JavaThread "Cache worker for file content cache (C:\Users\Bianca\AndroidStudioProjects\winterForest\.gradle\4.10.1\fileContent)" [_thread_blocked, id=4924, stack(0x00000000662c0000,0x00000000663c0000)]
  0x000000005c66b800 JavaThread "Build operations Thread 8" [_thread_blocked, id=4316, stack(0x0000000066170000,0x0000000066270000)]
  0x000000005c674800 JavaThread "Build operations Thread 7" [_thread_blocked, id=6440, stack(0x0000000066040000,0x0000000066140000)]
  0x000000005c66c000 JavaThread "Build operations Thread 6" [_thread_blocked, id=4768, stack(0x0000000063af0000,0x0000000063bf0000)]
  0x000000005c66f000 JavaThread "Build operations Thread 5" [_thread_blocked, id=7788, stack(0x0000000065b30000,0x0000000065c30000)]
  0x000000005c671800 JavaThread "Build operations Thread 4" [_thread_blocked, id=4100, stack(0x0000000063de0000,0x0000000063ee0000)]
  0x000000005c670000 JavaThread "Build operations Thread 3" [_thread_blocked, id=7376, stack(0x0000000065990000,0x0000000065a90000)]
  0x000000005c66d800 JavaThread "Build operations Thread 2" [_thread_blocked, id=5872, stack(0x00000000639d0000,0x0000000063ad0000)]
  0x000000005c676000 JavaThread "Build operations" [_thread_blocked, id=7380, stack(0x000000005bf20000,0x000000005c020000)]
  0x000000005c672000 JavaThread "Cache worker for cache directory md-rule (C:\Users\Bianca\.gradle\caches\4.10.1\md-rule)" [_thread_blocked, id=2016, stack(0x0000000063310000,0x0000000063410000)]
  0x000000005c66a800 JavaThread "Cache worker for cache directory md-supplier (C:\Users\Bianca\.gradle\caches\4.10.1\md-supplier)" [_thread_blocked, id=4700, stack(0x0000000060680000,0x0000000060780000)]
  0x000000005c675000 JavaThread "Cache worker for file hash cache (C:\Users\Bianca\AndroidStudioProjects\winterForest\.gradle\4.10.1\fileHashes)" [_thread_blocked, id=4608, stack(0x000000005bad0000,0x000000005bbd0000)]
  0x000000005c648800 JavaThread "Stdin handler" [_thread_blocked, id=7192, stack(0x000000005d600000,0x000000005d700000)]
  0x000000005c64d800 JavaThread "Asynchronous log dispatcher for DefaultDaemonConnection: socket connection from /127.0.0.1:6891 to /127.0.0.1:7311" [_thread_blocked, id=2232, stack(0x000000005e760000,0x000000005e860000)]
  0x000000005c64c000 JavaThread "Cancel handler" [_thread_blocked, id=7640, stack(0x000000005b770000,0x000000005b870000)]
  0x000000005c647800 JavaThread "Handler for socket connection from /127.0.0.1:6891 to /127.0.0.1:7311" [_thread_in_native, id=6064, stack(0x000000005b9c0000,0x000000005bac0000)]
  0x000000005c647000 JavaThread "ForkJoinPool.commonPool-worker-0" daemon [_thread_blocked, id=3936, stack(0x0000000068100000,0x0000000068200000)]
  0x000000005c64a800 JavaThread "ForkJoinPool.commonPool-worker-4" daemon [_thread_blocked, id=6028, stack(0x0000000064070000,0x0000000064170000)]
  0x000000005c64d000 JavaThread "ForkJoinPool.commonPool-worker-3" daemon [_thread_blocked, id=5256, stack(0x0000000067120000,0x0000000067220000)]
  0x0000000057990000 JavaThread "Daemon worker Thread 7" [_thread_blocked, id=4156, stack(0x000000005c030000,0x000000005c130000)]
  0x000000005798f000 JavaThread "Daemon Thread 7" [_thread_blocked, id=8056, stack(0x000000005b870000,0x000000005b970000)]
  0x000000005c457800 JavaThread "Cache worker for Java compile cache (C:\Users\Bianca\.gradle\caches\4.10.1\javaCompile)" [_thread_blocked, id=6672, stack(0x0000000067240000,0x0000000067340000)]
  0x000000005c670800 JavaThread "Cache worker for file content cache (C:\Users\Bianca\.gradle\caches\4.10.1\fileContent)" [_thread_blocked, id=4440, stack(0x0000000065c60000,0x0000000065d60000)]
  0x000000005798c000 JavaThread "pool-1-thread-1" [_thread_blocked, id=4896, stack(0x0000000063430000,0x0000000063530000)]
  0x000000005c667800 JavaThread "Memory manager" [_thread_blocked, id=704, stack(0x0000000063f50000,0x0000000064050000)]
  0x000000005798d000 JavaThread "Cache worker for Artifact transforms cache (C:\Users\Bianca\.gradle\caches\transforms-1)" [_thread_blocked, id=4448, stack(0x0000000060030000,0x0000000060130000)]
  0x0000000057987800 JavaThread "Cache worker for journal cache (C:\Users\Bianca\.gradle\caches\journal-1)" [_thread_blocked, id=6036, stack(0x000000005bde0000,0x000000005bee0000)]
  0x000000005af47000 JavaThread "File lock request listener" [_thread_in_native, id=6804, stack(0x000000005d3e0000,0x000000005d4e0000)]
  0x000000005ae22000 JavaThread "Cache worker for file hash cache (C:\Users\Bianca\.gradle\caches\4.10.1\fileHashes)" [_thread_blocked, id=6812, stack(0x000000005d4f0000,0x000000005d5f0000)]
  0x000000005adf6000 JavaThread "Daemon periodic checks" [_thread_blocked, id=7220, stack(0x0000000058fa0000,0x00000000590a0000)]
  0x000000005ad59000 JavaThread "Incoming local TCP Connector on port 6891" [_thread_in_native, id=2176, stack(0x0000000059770000,0x0000000059870000)]
  0x0000000057a18000 JavaThread "Service Thread" daemon [_thread_blocked, id=7748, stack(0x0000000059890000,0x0000000059990000)]
  0x0000000057986000 JavaThread "C1 CompilerThread3" daemon [_thread_blocked, id=5452, stack(0x0000000059600000,0x0000000059700000)]
  0x0000000057985000 JavaThread "C2 CompilerThread2" daemon [_thread_blocked, id=5112, stack(0x0000000059440000,0x0000000059540000)]
  0x00000000568cb800 JavaThread "C2 CompilerThread1" daemon [_thread_blocked, id=2668, stack(0x0000000059270000,0x0000000059370000)]
=>0x0000000057978800 JavaThread "C2 CompilerThread0" daemon [_thread_in_native, id=4220, stack(0x0000000058920000,0x0000000058a20000)]
  0x0000000057976800 JavaThread "Attach Listener" daemon [_thread_blocked, id=8000, stack(0x00000000590b0000,0x00000000591b0000)]
  0x0000000057975800 JavaThread "Signal Dispatcher" daemon [_thread_blocked, id=5820, stack(0x0000000058e80000,0x0000000058f80000)]
  0x00000000568bf000 JavaThread "Finalizer" daemon [_thread_blocked, id=7856, stack(0x0000000058cb0000,0x0000000058db0000)]
  0x00000000568b8000 JavaThread "Reference Handler" daemon [_thread_blocked, id=6316, stack(0x0000000058b60000,0x0000000058c60000)]
  0x000000000011f000 JavaThread "main" [_thread_blocked, id=7320, stack(0x0000000002790000,0x0000000002890000)]

Other Threads:
  0x00000000568af800 VMThread [stack: 0x0000000058a20000,0x0000000058b20000] [id=3948]
  0x0000000057a18800 WatcherThread [stack: 0x00000000599f0000,0x0000000059af0000] [id=1040]

VM state:not at safepoint (normal execution)

VM Mutex/Monitor currently owned by a thread: None

Heap:
 PSYoungGen      total 440832K, used 153356K [0x00000000e0000000, 0x00000000ffc00000, 0x0000000100000000)
  eden space 413696K, 30% used [0x00000000e0000000,0x00000000e7bb6328,0x00000000f9400000)
  from space 27136K, 98% used [0x00000000fe180000,0x00000000ffb8cd10,0x00000000ffc00000)
  to   space 33792K, 0% used [0x00000000fba00000,0x00000000fba00000,0x00000000fdb00000)
 ParOldGen       total 120320K, used 31956K [0x00000000a0000000, 0x00000000a7580000, 0x00000000e0000000)
  object space 120320K, 26% used [0x00000000a0000000,0x00000000a1f35060,0x00000000a7580000)
 Metaspace       used 85987K, capacity 90336K, committed 90624K, reserved 1128448K
  class space    used 11122K, capacity 11973K, committed 12032K, reserved 1048576K

Card table byte_map: [0x0000000011c50000,0x0000000011f60000] byte_map_base: 0x0000000011750000

Marking Bits: (ParMarkBitMap*) 0x0000000061235aa0
 Begin Bits: [0x0000000012bd0000, 0x00000000143d0000)
 End Bits:   [0x00000000143d0000, 0x0000000015bd0000)

Polling page: 0x0000000000240000

CodeCache: size=245760Kb used=46578Kb max_used=46590Kb free=199181Kb
 bounds [0x0000000002890000, 0x0000000005660000, 0x0000000011890000]
 total_blobs=14894 nmethods=14032 adapters=773
 compilation: enabled

Compilation events (10 events):
Event: 912.853 Thread 0x0000000057986000 nmethod 17389 0x0000000005633a90 code [0x0000000005633c20, 0x0000000005634048]
Event: 912.853 Thread 0x0000000057986000 17391       3       com.android.tools.r8.dex.DebugBytecodeWriter::generate (120 bytes)
Event: 912.854 Thread 0x0000000057986000 nmethod 17391 0x0000000005648790 code [0x0000000005648ae0, 0x0000000005649fa8]
Event: 912.854 Thread 0x0000000057986000 17392       3       com.android.tools.r8.code.AputObject::write (7 bytes)
Event: 912.855 Thread 0x0000000057986000 nmethod 17392 0x0000000005641e90 code [0x0000000005642040, 0x0000000005642638]
Event: 912.859 Thread 0x0000000057985000 nmethod 17366 0x000000000564f690 code [0x000000000564fa80, 0x0000000005651610]
Event: 913.232 Thread 0x0000000057986000 17393   !   3       org.gradle.cache.internal.CacheAccessWorker::flushOperations (109 bytes)
Event: 913.233 Thread 0x0000000057986000 nmethod 17393 0x000000000564d950 code [0x000000000564dbc0, 0x000000000564ee08]
Event: 913.233 Thread 0x0000000057986000 17394       3       org.gradle.cache.internal.CacheAccessWorker$2::<init> (20 bytes)
Event: 913.233 Thread 0x0000000057986000 nmethod 17394 0x0000000005610b50 code [0x0000000005610ca0, 0x0000000005610e90]

GC Heap History (10 events):
Event: 8.429 GC heap before
{Heap before GC invocations=11 (full 3):
 PSYoungGen      total 384512K, used 15900K [0x00000000e0000000, 0x00000000f9680000, 0x0000000100000000)
  eden space 360960K, 0% used [0x00000000e0000000,0x00000000e0000000,0x00000000f6080000)
  from space 23552K, 67% used [0x00000000f7800000,0x00000000f8787370,0x00000000f8f00000)
  to   space 24064K, 0% used [0x00000000f6080000,0x00000000f6080000,0x00000000f7800000)
 ParOldGen       total 83456K, used 29070K [0x00000000a0000000, 0x00000000a5180000, 0x00000000e0000000)
  object space 83456K, 34% used [0x00000000a0000000,0x00000000a1c63b98,0x00000000a5180000)
 Metaspace       used 57527K, capacity 59052K, committed 59136K, reserved 1099776K
  class space    used 7940K, capacity 8369K, committed 8448K, reserved 1048576K
Event: 8.669 GC heap after
Heap after GC invocations=11 (full 3):
 PSYoungGen      total 384512K, used 0K [0x00000000e0000000, 0x00000000f9680000, 0x0000000100000000)
  eden space 360960K, 0% used [0x00000000e0000000,0x00000000e0000000,0x00000000f6080000)
  from space 23552K, 0% used [0x00000000f7800000,0x00000000f7800000,0x00000000f8f00000)
  to   space 24064K, 0% used [0x00000000f6080000,0x00000000f6080000,0x00000000f7800000)
 ParOldGen       total 120320K, used 29936K [0x00000000a0000000, 0x00000000a7580000, 0x00000000e0000000)
  object space 120320K, 24% used [0x00000000a0000000,0x00000000a1d3c3f0,0x00000000a7580000)
 Metaspace       used 57527K, capacity 59052K, committed 59136K, reserved 1099776K
  class space    used 7940K, capacity 8369K, committed 8448K, reserved 1048576K
}
Event: 220.114 GC heap before
{Heap before GC invocations=12 (full 3):
 PSYoungGen      total 384512K, used 360960K [0x00000000e0000000, 0x00000000f9680000, 0x0000000100000000)
  eden space 360960K, 100% used [0x00000000e0000000,0x00000000f6080000,0x00000000f6080000)
  from space 23552K, 0% used [0x00000000f7800000,0x00000000f7800000,0x00000000f8f00000)
  to   space 24064K, 0% used [0x00000000f6080000,0x00000000f6080000,0x00000000f7800000)
 ParOldGen       total 120320K, used 29936K [0x00000000a0000000, 0x00000000a7580000, 0x00000000e0000000)
  object space 120320K, 24% used [0x00000000a0000000,0x00000000a1d3c3f0,0x00000000a7580000)
 Metaspace       used 66298K, capacity 68566K, committed 68864K, reserved 1107968K
  class space    used 8835K, capacity 9386K, committed 9472K, reserved 1048576K
Event: 220.149 GC heap after
Heap after GC invocations=12 (full 3):
 PSYoungGen      total 385024K, used 15989K [0x00000000e0000000, 0x00000000fdd80000, 0x0000000100000000)
  eden space 360960K, 0% used [0x00000000e0000000,0x00000000e0000000,0x00000000f6080000)
  from space 24064K, 66% used [0x00000000f6080000,0x00000000f701d4f8,0x00000000f7800000)
  to   space 24576K, 0% used [0x00000000fc580000,0x00000000fc580000,0x00000000fdd80000)
 ParOldGen       total 120320K, used 29944K [0x00000000a0000000, 0x00000000a7580000, 0x00000000e0000000)
  object space 120320K, 24% used [0x00000000a0000000,0x00000000a1d3e3f0,0x00000000a7580000)
 Metaspace       used 66298K, capacity 68566K, committed 68864K, reserved 1107968K
  class space    used 8835K, capacity 9386K, committed 9472K, reserved 1048576K
}
Event: 392.983 GC heap before
{Heap before GC invocations=13 (full 3):
 PSYoungGen      total 385024K, used 376949K [0x00000000e0000000, 0x00000000fdd80000, 0x0000000100000000)
  eden space 360960K, 100% used [0x00000000e0000000,0x00000000f6080000,0x00000000f6080000)
  from space 24064K, 66% used [0x00000000f6080000,0x00000000f701d4f8,0x00000000f7800000)
  to   space 24576K, 0% used [0x00000000fc580000,0x00000000fc580000,0x00000000fdd80000)
 ParOldGen       total 120320K, used 29944K [0x00000000a0000000, 0x00000000a7580000, 0x00000000e0000000)
  object space 120320K, 24% used [0x00000000a0000000,0x00000000a1d3e3f0,0x00000000a7580000)
 Metaspace       used 83287K, capacity 86814K, committed 87040K, reserved 1124352K
  class space    used 10974K, capacity 11752K, committed 11776K, reserved 1048576K
Event: 393.037 GC heap after
Heap after GC invocations=13 (full 3):
 PSYoungGen      total 450560K, used 24570K [0x00000000e0000000, 0x00000000fdd80000, 0x0000000100000000)
  eden space 425984K, 0% used [0x00000000e0000000,0x00000000e0000000,0x00000000fa000000)
  from space 24576K, 99% used [0x00000000fc580000,0x00000000fdd7ea68,0x00000000fdd80000)
  to   space 28672K, 0% used [0x00000000fa580000,0x00000000fa580000,0x00000000fc180000)
 ParOldGen       total 120320K, used 31932K [0x00000000a0000000, 0x00000000a7580000, 0x00000000e0000000)
  object space 120320K, 26% used [0x00000000a0000000,0x00000000a1f2f060,0x00000000a7580000)
 Metaspace       used 83287K, capacity 86814K, committed 87040K, reserved 1124352K
  class space    used 10974K, capacity 11752K, committed 11776K, reserved 1048576K
}
Event: 548.970 GC heap before
{Heap before GC invocations=14 (full 3):
 PSYoungGen      total 450560K, used 450554K [0x00000000e0000000, 0x00000000fdd80000, 0x0000000100000000)
  eden space 425984K, 100% used [0x00000000e0000000,0x00000000fa000000,0x00000000fa000000)
  from space 24576K, 99% used [0x00000000fc580000,0x00000000fdd7ea68,0x00000000fdd80000)
  to   space 28672K, 0% used [0x00000000fa580000,0x00000000fa580000,0x00000000fc180000)
 ParOldGen       total 120320K, used 31932K [0x00000000a0000000, 0x00000000a7580000, 0x00000000e0000000)
  object space 120320K, 26% used [0x00000000a0000000,0x00000000a1f2f060,0x00000000a7580000)
 Metaspace       used 84773K, capacity 88676K, committed 88960K, reserved 1126400K
  class space    used 11058K, capacity 11859K, committed 11904K, reserved 1048576K
Event: 549.008 GC heap after
Heap after GC invocations=14 (full 3):
 PSYoungGen      total 460288K, used 24938K [0x00000000e0000000, 0x0000000100000000, 0x0000000100000000)
  eden space 431616K, 0% used [0x00000000e0000000,0x00000000e0000000,0x00000000fa580000)
  from space 28672K, 86% used [0x00000000fa580000,0x00000000fbddab68,0x00000000fc180000)
  to   space 31232K, 0% used [0x00000000fe180000,0x00000000fe180000,0x0000000100000000)
 ParOldGen       total 120320K, used 31948K [0x00000000a0000000, 0x00000000a7580000, 0x00000000e0000000)
  object space 120320K, 26% used [0x00000000a0000000,0x00000000a1f33060,0x00000000a7580000)
 Metaspace       used 84773K, capacity 88676K, committed 88960K, reserved 1126400K
  class space    used 11058K, capacity 11859K, committed 11904K, reserved 1048576K
}
Event: 883.957 GC heap before
{Heap before GC invocations=15 (full 3):
 PSYoungGen      total 460288K, used 456554K [0x00000000e0000000, 0x0000000100000000, 0x0000000100000000)
  eden space 431616K, 100% used [0x00000000e0000000,0x00000000fa580000,0x00000000fa580000)
  from space 28672K, 86% used [0x00000000fa580000,0x00000000fbddab68,0x00000000fc180000)
  to   space 31232K, 0% used [0x00000000fe180000,0x00000000fe180000,0x0000000100000000)
 ParOldGen       total 120320K, used 31948K [0x00000000a0000000, 0x00000000a7580000, 0x00000000e0000000)
  object space 120320K, 26% used [0x00000000a0000000,0x00000000a1f33060,0x00000000a7580000)
 Metaspace       used 85836K, capacity 90140K, committed 90368K, reserved 1128448K
  class space    used 11122K, capacity 11973K, committed 12032K, reserved 1048576K
Event: 884.014 GC heap after
Heap after GC invocations=15 (full 3):
 PSYoungGen      total 440832K, used 26675K [0x00000000e0000000, 0x00000000ffc00000, 0x0000000100000000)
  eden space 413696K, 0% used [0x00000000e0000000,0x00000000e0000000,0x00000000f9400000)
  from space 27136K, 98% used [0x00000000fe180000,0x00000000ffb8cd10,0x00000000ffc00000)
  to   space 33792K, 0% used [0x00000000fba00000,0x00000000fba00000,0x00000000fdb00000)
 ParOldGen       total 120320K, used 31956K [0x00000000a0000000, 0x00000000a7580000, 0x00000000e0000000)
  object space 120320K, 26% used [0x00000000a0000000,0x00000000a1f35060,0x00000000a7580000)
 Metaspace       used 85836K, capacity 90140K, committed 90368K, reserved 1128448K
  class space    used 11122K, capacity 11973K, committed 12032K, reserved 1048576K
}

Deoptimization events (10 events):
Event: 602.526 Thread 0x000000005c675000 Uncommon trap: reason=array_check action=maybe_recompile pc=0x00000000041f7490 method=java.util.ComparableTimSort.mergeLo(IIII)V @ 240
Event: 602.953 Thread 0x000000005c675000 Uncommon trap: reason=array_check action=maybe_recompile pc=0x00000000051a0f9c method=java.util.ComparableTimSort.mergeLo(IIII)V @ 371
Event: 602.953 Thread 0x000000005c675000 Uncommon trap: reason=array_check action=maybe_recompile pc=0x00000000051a0f9c method=java.util.ComparableTimSort.mergeLo(IIII)V @ 371
Event: 602.953 Thread 0x000000005c675000 Uncommon trap: reason=array_check action=maybe_recompile pc=0x000000000519cad0 method=java.util.ComparableTimSort.mergeHi(IIII)V @ 654
Event: 623.635 Thread 0x000000005c64b800 Uncommon trap: reason=array_check action=maybe_recompile pc=0x000000000519cad0 method=java.util.ComparableTimSort.mergeHi(IIII)V @ 654
Event: 623.635 Thread 0x000000005c64b800 Uncommon trap: reason=array_check action=maybe_recompile pc=0x00000000041f75d8 method=java.util.ComparableTimSort.mergeLo(IIII)V @ 371
Event: 626.372 Thread 0x00000000630a3000 Uncommon trap: reason=unstable_if action=reinterpret pc=0x0000000004f32798 method=java.util.TimSort.mergeLo(IIII)V @ 447
Event: 880.698 Thread 0x000000005c66b800 Uncommon trap: reason=array_check action=maybe_recompile pc=0x0000000005372100 method=java.util.ComparableTimSort.mergeLo(IIII)V @ 465
Event: 880.698 Thread 0x000000005c66b800 Uncommon trap: reason=array_check action=maybe_recompile pc=0x0000000005372100 method=java.util.ComparableTimSort.mergeLo(IIII)V @ 465
Event: 912.850 Thread 0x000000005c64d000 Uncommon trap: reason=unstable_if action=reinterpret pc=0x00000000041f7d10 method=java.util.TimSort.mergeLo(IIII)V @ 381

Classes redefined (0 events):
No events

Internal exceptions (10 events):
Event: 626.340 Thread 0x000000005c45a800 Exception <a 'sun/nio/fs/WindowsException'> (0x00000000f1ee2810) thrown at [D:\src\AOSP-openjdk-cygwin\jdk8u\hotspot\src\share\vm\prims\jni.cpp, line 709]
Event: 626.380 Thread 0x00000000630a3000 Exception <a 'sun/nio/fs/WindowsException'> (0x00000000f25690f0) thrown at [D:\src\AOSP-openjdk-cygwin\jdk8u\hotspot\src\share\vm\prims\jni.cpp, line 709]
Event: 876.436 Thread 0x0000000057990000 Exception <a 'sun/nio/fs/WindowsException'> (0x00000000f3e95608) thrown at [D:\src\AOSP-openjdk-cygwin\jdk8u\hotspot\src\share\vm\prims\jni.cpp, line 709]
Event: 883.498 Thread 0x000000005c64d800 Exception <a 'sun/nio/fs/WindowsException'> (0x00000000f876dd58) thrown at [D:\src\AOSP-openjdk-cygwin\jdk8u\hotspot\src\share\vm\prims\jni.cpp, line 709]
Event: 883.614 Thread 0x000000005c64d800 Exception <a 'sun/nio/fs/WindowsException'> (0x00000000f9a49828) thrown at [D:\src\AOSP-openjdk-cygwin\jdk8u\hotspot\src\share\vm\prims\jni.cpp, line 709]
Event: 883.928 Thread 0x000000005c648800 Exception <a 'sun/nio/fs/WindowsException'> (0x00000000f9fbc130) thrown at [D:\src\AOSP-openjdk-cygwin\jdk8u\hotspot\src\share\vm\prims\jni.cpp, line 709]
Event: 884.033 Thread 0x000000005fa69800 Exception <a 'sun/nio/fs/WindowsException'> (0x00000000e0306cf8) thrown at [D:\src\AOSP-openjdk-cygwin\jdk8u\hotspot\src\share\vm\prims\jni.cpp, line 709]
Event: 897.751 Thread 0x0000000057990000 Exception <a 'sun/nio/fs/WindowsException'> (0x00000000e1fd8fd0) thrown at [D:\src\AOSP-openjdk-cygwin\jdk8u\hotspot\src\share\vm\prims\jni.cpp, line 709]
Event: 912.704 Thread 0x000000005c64d000 Exception <a 'sun/nio/fs/WindowsException'> (0x00000000e65a7e70) thrown at [D:\src\AOSP-openjdk-cygwin\jdk8u\hotspot\src\share\vm\prims\jni.cpp, line 709]
Event: 912.852 Thread 0x000000005c64d000 Exception <a 'sun/nio/fs/WindowsException'> (0x00000000e7849e60) thrown at [D:\src\AOSP-openjdk-cygwin\jdk8u\hotspot\src\share\vm\prims\jni.cpp, line 709]

Events (10 events):
Event: 912.326 Thread 0x000000005798e800 Thread added: 0x000000005798e800
Event: 912.326 Thread 0x0000000057993000 Thread added: 0x0000000057993000
Event: 912.328 Thread 0x0000000057986000 flushing nmethod 0x0000000003a0f610
Event: 912.767 Thread 0x000000005c64d000 DEOPT PACKING pc=0x000000000509e76d sp=0x000000006721e160
Event: 912.767 Thread 0x000000005c64d000 DEOPT UNPACKING pc=0x00000000028d75d0 sp=0x000000006721dea8 mode 0
Event: 912.778 Thread 0x000000005c64d000 DEOPT PACKING pc=0x000000000509e76d sp=0x000000006721dea0
Event: 912.778 Thread 0x000000005c64d000 DEOPT UNPACKING pc=0x00000000028d75d0 sp=0x000000006721dbe0 mode 0
Event: 912.850 Thread 0x000000005c64d000 Uncommon trap: trap_request=0xffffff65 fr.pc=0x00000000041f7d10
Event: 912.850 Thread 0x000000005c64d000 DEOPT PACKING pc=0x00000000041f7d10 sp=0x000000006721e110
Event: 912.850 Thread 0x000000005c64d000 DEOPT UNPACKING pc=0x00000000028d557b sp=0x000000006721e108 mode 2


Dynamic libraries:
0x000000013f340000 - 0x000000013f371000 	C:\Program Files\Android\Android Studio\jre\bin\java.exe
0x0000000077120000 - 0x00000000772bf000 	C:\Windows\SYSTEM32\ntdll.dll
0x0000000077000000 - 0x000000007711f000 	C:\Windows\system32\kernel32.dll
0x000007fefcea0000 - 0x000007fefcf0a000 	C:\Windows\system32\KERNELBASE.dll
0x000007fefedb0000 - 0x000007fefee8b000 	C:\Windows\system32\ADVAPI32.dll
0x000007fefebb0000 - 0x000007fefec4f000 	C:\Windows\system32\msvcrt.dll
0x000007fefed10000 - 0x000007fefed2f000 	C:\Windows\SYSTEM32\sechost.dll
0x000007fefd660000 - 0x000007fefd78d000 	C:\Windows\system32\RPCRT4.dll
0x0000000076f00000 - 0x0000000076ffa000 	C:\Windows\system32\USER32.dll
0x000007feff3a0000 - 0x000007feff407000 	C:\Windows\system32\GDI32.dll
0x000007feff160000 - 0x000007feff16e000 	C:\Windows\system32\LPK.dll
0x000007feff090000 - 0x000007feff15b000 	C:\Windows\system32\USP10.dll
0x000007fefb550000 - 0x000007fefb744000 	C:\Windows\WinSxS\amd64_microsoft.windows.common-controls_6595b64144ccf1df_6.0.7601.18837_none_fa3b1e3d17594757\COMCTL32.dll
0x000007fefed30000 - 0x000007fefeda1000 	C:\Windows\system32\SHLWAPI.dll
0x000007fefeb80000 - 0x000007fefebae000 	C:\Windows\system32\IMM32.DLL
0x000007fefe980000 - 0x000007fefea89000 	C:\Windows\system32\MSCTF.dll
0x000007fefcbb0000 - 0x000007fefcbe0000 	C:\Windows\system32\nvinitx.dll
0x000007fefcba0000 - 0x000007fefcbac000 	C:\Windows\system32\VERSION.dll
0x0000000074600000 - 0x0000000074606000 	C:\Program Files\NVIDIA Corporation\CoProcManager\detoured.dll
0x000007fefa4f0000 - 0x000007fefa528000 	C:\Program Files\NVIDIA Corporation\CoProcManager\nvd3d9wrapx.dll
0x000007feff170000 - 0x000007feff347000 	C:\Windows\system32\SETUPAPI.dll
0x000007fefcfd0000 - 0x000007fefd006000 	C:\Windows\system32\CFGMGR32.dll
0x000007fefd030000 - 0x000007fefd10a000 	C:\Windows\system32\OLEAUT32.dll
0x000007fefee90000 - 0x000007feff08f000 	C:\Windows\system32\ole32.dll
0x000007fefccb0000 - 0x000007fefccca000 	C:\Windows\system32\DEVOBJ.dll
0x000007fefa4c0000 - 0x000007fefa4e4000 	C:\Program Files\NVIDIA Corporation\CoProcManager\nvdxgiwrapx.dll
0x000000005eb50000 - 0x000000005ec22000 	C:\Program Files\Android\Android Studio\jre\jre\bin\msvcr100.dll
0x0000000060a70000 - 0x00000000612b1000 	C:\Program Files\Android\Android Studio\jre\jre\bin\server\jvm.dll
0x000007fef7a80000 - 0x000007fef7a89000 	C:\Windows\system32\WSOCK32.dll
0x000007feff350000 - 0x000007feff39d000 	C:\Windows\system32\WS2_32.dll
0x000007fefea90000 - 0x000007fefea98000 	C:\Windows\system32\NSI.dll
0x000007fef9580000 - 0x000007fef95bb000 	C:\Windows\system32\WINMM.dll
0x00000000772d0000 - 0x00000000772d7000 	C:\Windows\system32\PSAPI.DLL
0x000007fefaba0000 - 0x000007fefabaf000 	C:\Program Files\Android\Android Studio\jre\jre\bin\verify.dll
0x000007fef2400000 - 0x000007fef2429000 	C:\Program Files\Android\Android Studio\jre\jre\bin\java.dll
0x000007fef2140000 - 0x000007fef2156000 	C:\Program Files\Android\Android Studio\jre\jre\bin\zip.dll
0x000007fefdbf0000 - 0x000007fefe97a000 	C:\Windows\system32\SHELL32.dll
0x000007fefcc70000 - 0x000007fefcc7f000 	C:\Windows\system32\profapi.dll
0x000007feee550000 - 0x000007feee56a000 	C:\Program Files\Android\Android Studio\jre\jre\bin\net.dll
0x000007fefc3b0000 - 0x000007fefc405000 	C:\Windows\system32\mswsock.dll
0x000007fefc3a0000 - 0x000007fefc3a7000 	C:\Windows\System32\wship6.dll
0x000007feee1f0000 - 0x000007feee201000 	C:\Program Files\Android\Android Studio\jre\jre\bin\nio.dll
0x000007feea980000 - 0x000007feea99e000 	C:\Users\Bianca\.gradle\native\25\windows-amd64\native-platform.dll
0x000007fef23f0000 - 0x000007fef23fd000 	C:\Program Files\Android\Android Studio\jre\jre\bin\management.dll
0x000007fefc410000 - 0x000007fefc428000 	C:\Windows\system32\CRYPTSP.dll
0x000007fefc110000 - 0x000007fefc157000 	C:\Windows\system32\rsaenh.dll
0x00000000002b0000 - 0x00000000002ce000 	C:\Windows\system32\USERENV.dll
0x000007fefcad0000 - 0x000007fefcadf000 	C:\Windows\system32\CRYPTBASE.dll
0x000007fefa480000 - 0x000007fefa4a7000 	C:\Windows\system32\IPHLPAPI.DLL
0x000007fefa470000 - 0x000007fefa47b000 	C:\Windows\system32\WINNSI.DLL
0x000007fef81e0000 - 0x000007fef81f1000 	C:\Windows\system32\dhcpcsvc6.DLL
0x000007fef8a30000 - 0x000007fef8a48000 	C:\Windows\system32\dhcpcsvc.DLL

VM Arguments:
jvm_args: -Xmx1536m -Dfile.encoding=windows-1252 -Duser.country=US -Duser.language=en -Duser.variant 
java_command: org.gradle.launcher.daemon.bootstrap.GradleDaemon 4.10.1
java_class_path (initial): C:\Users\Bianca\.gradle\wrapper\dists\gradle-4.10.1-all\455itskqi2qtf0v2sja68alqd\gradle-4.10.1\lib\gradle-launcher-4.10.1.jar
Launcher Type: SUN_STANDARD

Environment Variables:
PATH=C:\Program Files (x86)\Common Files\Oracle\Java\javapath;c:\program files (x86)\windows resource kits\tools\;c:\program files\common files\microsoft shared\windows live;c:\program files (x86)\common files\microsoft shared\windows live;c:\programdata\oracle\java\javapath;c:\python27\;c:\python27\scripts;c:\windows\system32;c:\windows;c:\windows\system32\wbem;c:\windows\system32\windowspowershell\v1.0\;c:\mingw\bin;c:\mingw\msys\1.0\bin;c:\users\bianca\appdata\local\nasm;c:\program files\openvpn\bin;c:\program files (x86)\quicktime\qtsystem\;c:\program files (x86)\windows live\shared;c:\cmd;c:\program files (x86)\windows kits\8.1\windows performance toolkit\;c:\program files\microsoft sql server\120\tools\binn\;C:\Program Files (x86)\NVIDIA Corporation\PhysX\Common;C:\Program Files\PuTTY\;C:\Program Files (x86)\ZeroTier\One\;C:\Programs\Git\cmd;C:\Program Files (x86)\Nmap;
USERNAME=Bianca
OS=Windows_NT
PROCESSOR_IDENTIFIER=Intel64 Family 6 Model 60 Stepping 3, GenuineIntel



---------------  S Y S T E M  ---------------

OS: Windows 7 , 64 bit Build 7601 (6.1.7601.24335)

CPU:total 8 (initial active 8) (4 cores per cpu, 2 threads per core) family 6 model 60 stepping 3, cmov, cx8, fxsr, mmx, sse, sse2, sse3, ssse3, sse4.1, sse4.2, popcnt, avx, avx2, aes, clmul, erms, lzcnt, ht, tsc, tscinvbit, bmi1, bmi2

Memory: 4k page, physical 8314224k(1190956k free), swap 8312320k(5436k free)

vm_info: OpenJDK 64-Bit Server VM (25.152-b01) for windows-amd64 JRE (1.8.0_152-release-1248-b01), built by "builder" with MS VC++ 10.0 (VS2010)

time: Thu Jan 17 23:13:30 2019
elapsed time: 913 seconds (0d 0h 15m 13s)

